2022-02-24 00:31:00,597 [SpringApplicationShutdownHook] INFO  -[DruidDataSource.java:1825]- {dataSource-1} closed
2022-02-24 00:31:04,711 [main] INFO  -[StartupInfoLogger.java:55]- Starting WeeklyReportApplication using Java 1.8.0_301 on LAPTOP-NUCNNVIC with PID 15976 (D:\GithubRepo\WeeklyReport\target\classes started by Swjtu-Li in D:\GithubRepo\WeeklyReport)
2022-02-24 00:31:04,727 [main] DEBUG -[StartupInfoLogger.java:56]- Running with Spring Boot v2.5.3, Spring v5.3.9
2022-02-24 00:31:04,727 [main] INFO  -[SpringApplication.java:659]- No active profile set, falling back to default profiles: default
2022-02-24 00:31:05,774 [main] INFO  -[RepositoryConfigurationDelegate.java:262]- Multiple Spring Data modules found, entering strict repository configuration mode!
2022-02-24 00:31:05,774 [main] INFO  -[RepositoryConfigurationDelegate.java:132]- Bootstrapping Spring Data Redis repositories in DEFAULT mode.
2022-02-24 00:31:05,790 [main] INFO  -[RepositoryConfigurationDelegate.java:201]- Finished Spring Data repository scanning in 7 ms. Found 0 Redis repository interfaces.
2022-02-24 00:31:06,040 [main] INFO  -[PostProcessorRegistrationDelegate.java:376]- Bean 'redisConfig' of type [com.liyuehong.weeklyreport.configuration.RedisConfig$$EnhancerBySpringCGLIB$$9b8e6f55] is not eligible for getting processed by all BeanPostProcessors (for example: not eligible for auto-proxying)
2022-02-24 00:31:06,243 [main] INFO  -[TomcatWebServer.java:108]- Tomcat initialized with port(s): 8082 (http)
2022-02-24 00:31:06,243 [main] INFO  -[DirectJDKLog.java:173]- Initializing ProtocolHandler ["http-nio-8082"]
2022-02-24 00:31:06,243 [main] INFO  -[DirectJDKLog.java:173]- Starting service [Tomcat]
2022-02-24 00:31:06,243 [main] INFO  -[DirectJDKLog.java:173]- Starting Servlet engine: [Apache Tomcat/9.0.50]
2022-02-24 00:31:06,337 [main] INFO  -[DirectJDKLog.java:173]- Initializing Spring embedded WebApplicationContext
2022-02-24 00:31:06,337 [main] INFO  -[ServletWebServerApplicationContext.java:290]- Root WebApplicationContext: initialization completed in 1579 ms
2022-02-24 00:31:06,733 [main] INFO  -[DruidDataSourceAutoConfigure.java:56]- Init DruidDataSource
2022-02-24 00:31:06,827 [main] INFO  -[DruidDataSource.java:930]- {dataSource-1} inited
2022-02-24 00:31:07,302 [main] INFO  -[EndpointLinksResolver.java:58]- Exposing 1 endpoint(s) beneath base path '/actuator'
2022-02-24 00:31:07,348 [main] INFO  -[RedisConfig.java:113]- 初始化 -> [Redis CacheErrorHandler]
2022-02-24 00:31:07,411 [main] INFO  -[DefaultSecurityFilterChain.java:51]- Will secure Ant [pattern='/js/**'] with []
2022-02-24 00:31:07,411 [main] INFO  -[DefaultSecurityFilterChain.java:51]- Will secure Ant [pattern='/css/**'] with []
2022-02-24 00:31:07,411 [main] INFO  -[DefaultSecurityFilterChain.java:51]- Will secure Ant [pattern='/images/**'] with []
2022-02-24 00:31:07,411 [main] INFO  -[DefaultSecurityFilterChain.java:51]- Will secure Ant [pattern='/swagger-ui.html'] with []
2022-02-24 00:31:07,411 [main] INFO  -[DefaultSecurityFilterChain.java:51]- Will secure Ant [pattern='/webjars/**'] with []
2022-02-24 00:31:07,411 [main] INFO  -[DefaultSecurityFilterChain.java:51]- Will secure Ant [pattern='/v2/**'] with []
2022-02-24 00:31:07,411 [main] INFO  -[DefaultSecurityFilterChain.java:51]- Will secure Ant [pattern='/swagger-resources/**'] with []
2022-02-24 00:31:07,442 [main] INFO  -[PropertySourcedRequestMappingHandlerMapping.java:69]- Mapped URL path [/v2/api-docs] onto method [springfox.documentation.swagger2.web.Swagger2Controller#getDocumentation(String, HttpServletRequest)]
2022-02-24 00:31:07,473 [main] INFO  -[DefaultSecurityFilterChain.java:51]- Will secure any request with [org.springframework.security.web.context.request.async.WebAsyncManagerIntegrationFilter@1d6713dd, org.springframework.security.web.context.SecurityContextPersistenceFilter@1682e6a, org.springframework.security.web.header.HeaderWriterFilter@1c7f6e96, org.springframework.web.filter.CorsFilter@3b39e79b, org.springframework.security.web.authentication.logout.LogoutFilter@18e4551, org.springframework.security.web.authentication.UsernamePasswordAuthenticationFilter@4b07cad0, org.springframework.security.web.savedrequest.RequestCacheAwareFilter@4cecc15a, org.springframework.security.web.servletapi.SecurityContextHolderAwareRequestFilter@446c8c72, org.springframework.security.web.authentication.AnonymousAuthenticationFilter@3ee6dc82, org.springframework.security.web.session.SessionManagementFilter@1ac0cdb0, org.springframework.security.web.access.ExceptionTranslationFilter@6ce15112, org.springframework.security.web.access.intercept.FilterSecurityInterceptor@600bbf9e]
2022-02-24 00:31:08,405 [main] INFO  -[DirectJDKLog.java:173]- Starting ProtocolHandler ["http-nio-8082"]
2022-02-24 00:31:08,405 [main] INFO  -[TomcatWebServer.java:220]- Tomcat started on port(s): 8082 (http) with context path ''
2022-02-24 00:31:08,405 [main] INFO  -[DocumentationPluginsBootstrapper.java:160]- Context refreshed
2022-02-24 00:31:08,422 [main] INFO  -[DocumentationPluginsBootstrapper.java:163]- Found 1 custom documentation plugin(s)
2022-02-24 00:31:08,437 [main] INFO  -[ApiListingReferenceScanner.java:41]- Scanning for api listing references
2022-02-24 00:31:08,501 [main] WARN  -[ParameterDataTypeReader.java:92]- Trying to infer dataType int[]
2022-02-24 00:31:09,195 [main] INFO  -[ScheduledAnnotationBeanPostProcessor.java:309]- No TaskScheduler/ScheduledExecutorService bean found for scheduled processing
2022-02-24 00:31:09,195 [main] INFO  -[StartupInfoLogger.java:61]- Started WeeklyReportApplication in 4.759 seconds (JVM running for 5.413)
2022-02-24 00:31:10,077 [RMI TCP Connection(3)-192.168.8.100] INFO  -[DirectJDKLog.java:173]- Initializing Spring DispatcherServlet 'dispatcherServlet'
2022-02-24 00:31:10,077 [RMI TCP Connection(3)-192.168.8.100] INFO  -[FrameworkServlet.java:525]- Initializing Servlet 'dispatcherServlet'
2022-02-24 00:31:10,077 [RMI TCP Connection(3)-192.168.8.100] INFO  -[FrameworkServlet.java:547]- Completed initialization in 0 ms
2022-02-24 00:31:36,207 [http-nio-8082-exec-9] DEBUG -[BaseJdbcLogger.java:137]- ==>  Preparing: select id, username, password, enabled, email, regTime, avatar_name from user where username=?
2022-02-24 00:31:36,227 [http-nio-8082-exec-9] DEBUG -[BaseJdbcLogger.java:137]- ==> Parameters: admin(String)
2022-02-24 00:31:36,331 [http-nio-8082-exec-9] TRACE -[BaseJdbcLogger.java:143]- <==    Columns: id, username, password, enabled, email, regTime, avatar_name
2022-02-24 00:31:36,332 [http-nio-8082-exec-9] TRACE -[BaseJdbcLogger.java:143]- <==        Row: 1, admin, $2a$16$Fnenz3KKbv8Mh7N6CB2c5uTK8a4JC3wUe/sDV7z8n1Uq1vJdaUZYS, 1, null, null, 2022-02-13e4dd95ba58e34227968acd36250abc9c.png
2022-02-24 00:31:36,334 [http-nio-8082-exec-9] DEBUG -[BaseJdbcLogger.java:137]- <==      Total: 1
2022-02-24 00:31:36,337 [http-nio-8082-exec-9] DEBUG -[BaseJdbcLogger.java:137]- ==>  Preparing: SELECT r.* FROM role AS r,user_role AS ur WHERE r.id = ur.`role_id` AND ur.`user_id`=?;
2022-02-24 00:31:36,338 [http-nio-8082-exec-9] DEBUG -[BaseJdbcLogger.java:137]- ==> Parameters: 1(Integer)
2022-02-24 00:31:36,425 [http-nio-8082-exec-9] TRACE -[BaseJdbcLogger.java:143]- <==    Columns: id, nameZh, name
2022-02-24 00:31:36,425 [http-nio-8082-exec-9] TRACE -[BaseJdbcLogger.java:143]- <==        Row: 1, 管理员, admin
2022-02-24 00:31:36,426 [http-nio-8082-exec-9] TRACE -[BaseJdbcLogger.java:143]- <==        Row: 2, 普通用户, user
2022-02-24 00:31:36,426 [http-nio-8082-exec-9] DEBUG -[BaseJdbcLogger.java:137]- <==      Total: 2
2022-02-24 00:33:01,132 [http-nio-8082-exec-2] DEBUG -[BaseJdbcLogger.java:137]- ==>  Preparing: select id, username, password, enabled, email, regTime, avatar_name from user where username=?
2022-02-24 00:33:01,133 [http-nio-8082-exec-2] DEBUG -[BaseJdbcLogger.java:137]- ==> Parameters: admin(String)
2022-02-24 00:33:01,204 [http-nio-8082-exec-2] TRACE -[BaseJdbcLogger.java:143]- <==    Columns: id, username, password, enabled, email, regTime, avatar_name
2022-02-24 00:33:01,204 [http-nio-8082-exec-2] TRACE -[BaseJdbcLogger.java:143]- <==        Row: 1, admin, $2a$16$Fnenz3KKbv8Mh7N6CB2c5uTK8a4JC3wUe/sDV7z8n1Uq1vJdaUZYS, 1, null, null, 2022-02-13e4dd95ba58e34227968acd36250abc9c.png
2022-02-24 00:33:01,205 [http-nio-8082-exec-2] DEBUG -[BaseJdbcLogger.java:137]- <==      Total: 1
2022-02-24 00:33:01,208 [http-nio-8082-exec-2] WARN  -[ExceptionHandlerExceptionResolver.java:434]- Failure in @ExceptionHandler com.liyuehong.weeklyreport.configuration.CustomGlobalExceptionHandler#handleAppException(Exception)
java.lang.NullPointerException: null
	at com.liyuehong.weeklyreport.configuration.CustomGlobalExceptionHandler.handleAppException(CustomGlobalExceptionHandler.java:26)
	at sun.reflect.NativeMethodAccessorImpl.invoke0(Native Method)
	at sun.reflect.NativeMethodAccessorImpl.invoke(NativeMethodAccessorImpl.java:62)
	at sun.reflect.DelegatingMethodAccessorImpl.invoke(DelegatingMethodAccessorImpl.java:43)
	at java.lang.reflect.Method.invoke(Method.java:498)
	at org.springframework.web.method.support.InvocableHandlerMethod.doInvoke(InvocableHandlerMethod.java:197)
	at org.springframework.web.method.support.InvocableHandlerMethod.invokeForRequest(InvocableHandlerMethod.java:141)
	at org.springframework.web.servlet.mvc.method.annotation.ServletInvocableHandlerMethod.invokeAndHandle(ServletInvocableHandlerMethod.java:106)
	at org.springframework.web.servlet.mvc.method.annotation.ExceptionHandlerExceptionResolver.doResolveHandlerMethodException(ExceptionHandlerExceptionResolver.java:428)
	at org.springframework.web.servlet.handler.AbstractHandlerMethodExceptionResolver.doResolveException(AbstractHandlerMethodExceptionResolver.java:75)
	at org.springframework.web.servlet.handler.AbstractHandlerExceptionResolver.resolveException(AbstractHandlerExceptionResolver.java:141)
	at org.springframework.web.servlet.handler.HandlerExceptionResolverComposite.resolveException(HandlerExceptionResolverComposite.java:80)
	at org.springframework.web.servlet.DispatcherServlet.processHandlerException(DispatcherServlet.java:1324)
	at org.springframework.web.servlet.DispatcherServlet.processDispatchResult(DispatcherServlet.java:1135)
	at org.springframework.web.servlet.DispatcherServlet.doDispatch(DispatcherServlet.java:1081)
	at org.springframework.web.servlet.DispatcherServlet.doService(DispatcherServlet.java:963)
	at org.springframework.web.servlet.FrameworkServlet.processRequest(FrameworkServlet.java:1006)
	at org.springframework.web.servlet.FrameworkServlet.doPost(FrameworkServlet.java:909)
	at javax.servlet.http.HttpServlet.service(HttpServlet.java:681)
	at org.springframework.web.servlet.FrameworkServlet.service(FrameworkServlet.java:883)
	at javax.servlet.http.HttpServlet.service(HttpServlet.java:764)
	at org.apache.catalina.core.ApplicationFilterChain.internalDoFilter(ApplicationFilterChain.java:228)
	at org.apache.catalina.core.ApplicationFilterChain.doFilter(ApplicationFilterChain.java:163)
	at org.apache.tomcat.websocket.server.WsFilter.doFilter(WsFilter.java:53)
	at org.apache.catalina.core.ApplicationFilterChain.internalDoFilter(ApplicationFilterChain.java:190)
	at org.apache.catalina.core.ApplicationFilterChain.doFilter(ApplicationFilterChain.java:163)
	at com.alibaba.druid.support.http.WebStatFilter.doFilter(WebStatFilter.java:123)
	at org.apache.catalina.core.ApplicationFilterChain.internalDoFilter(ApplicationFilterChain.java:190)
	at org.apache.catalina.core.ApplicationFilterChain.doFilter(ApplicationFilterChain.java:163)
	at org.springframework.security.web.FilterChainProxy$VirtualFilterChain.doFilter(FilterChainProxy.java:327)
	at org.springframework.security.web.access.intercept.FilterSecurityInterceptor.invoke(FilterSecurityInterceptor.java:115)
	at org.springframework.security.web.access.intercept.FilterSecurityInterceptor.doFilter(FilterSecurityInterceptor.java:81)
	at org.springframework.security.web.FilterChainProxy$VirtualFilterChain.doFilter(FilterChainProxy.java:336)
	at org.springframework.security.web.access.ExceptionTranslationFilter.doFilter(ExceptionTranslationFilter.java:121)
	at org.springframework.security.web.access.ExceptionTranslationFilter.doFilter(ExceptionTranslationFilter.java:115)
	at org.springframework.security.web.FilterChainProxy$VirtualFilterChain.doFilter(FilterChainProxy.java:336)
	at org.springframework.security.web.session.SessionManagementFilter.doFilter(SessionManagementFilter.java:126)
	at org.springframework.security.web.session.SessionManagementFilter.doFilter(SessionManagementFilter.java:81)
	at org.springframework.security.web.FilterChainProxy$VirtualFilterChain.doFilter(FilterChainProxy.java:336)
	at org.springframework.security.web.authentication.AnonymousAuthenticationFilter.doFilter(AnonymousAuthenticationFilter.java:105)
	at org.springframework.security.web.FilterChainProxy$VirtualFilterChain.doFilter(FilterChainProxy.java:336)
	at org.springframework.security.web.servletapi.SecurityContextHolderAwareRequestFilter.doFilter(SecurityContextHolderAwareRequestFilter.java:149)
	at org.springframework.security.web.FilterChainProxy$VirtualFilterChain.doFilter(FilterChainProxy.java:336)
	at org.springframework.security.web.savedrequest.RequestCacheAwareFilter.doFilter(RequestCacheAwareFilter.java:63)
	at org.springframework.security.web.FilterChainProxy$VirtualFilterChain.doFilter(FilterChainProxy.java:336)
	at org.springframework.security.web.authentication.AbstractAuthenticationProcessingFilter.doFilter(AbstractAuthenticationProcessingFilter.java:218)
	at org.springframework.security.web.authentication.AbstractAuthenticationProcessingFilter.doFilter(AbstractAuthenticationProcessingFilter.java:212)
	at org.springframework.security.web.FilterChainProxy$VirtualFilterChain.doFilter(FilterChainProxy.java:336)
	at org.springframework.security.web.authentication.logout.LogoutFilter.doFilter(LogoutFilter.java:103)
	at org.springframework.security.web.authentication.logout.LogoutFilter.doFilter(LogoutFilter.java:89)
	at org.springframework.security.web.FilterChainProxy$VirtualFilterChain.doFilter(FilterChainProxy.java:336)
	at org.springframework.web.filter.CorsFilter.doFilterInternal(CorsFilter.java:91)
	at org.springframework.web.filter.OncePerRequestFilter.doFilter(OncePerRequestFilter.java:119)
	at org.springframework.security.web.FilterChainProxy$VirtualFilterChain.doFilter(FilterChainProxy.java:336)
	at org.springframework.security.web.header.HeaderWriterFilter.doHeadersAfter(HeaderWriterFilter.java:90)
	at org.springframework.security.web.header.HeaderWriterFilter.doFilterInternal(HeaderWriterFilter.java:75)
	at org.springframework.web.filter.OncePerRequestFilter.doFilter(OncePerRequestFilter.java:119)
	at org.springframework.security.web.FilterChainProxy$VirtualFilterChain.doFilter(FilterChainProxy.java:336)
	at org.springframework.security.web.context.SecurityContextPersistenceFilter.doFilter(SecurityContextPersistenceFilter.java:110)
	at org.springframework.security.web.context.SecurityContextPersistenceFilter.doFilter(SecurityContextPersistenceFilter.java:80)
	at org.springframework.security.web.FilterChainProxy$VirtualFilterChain.doFilter(FilterChainProxy.java:336)
	at org.springframework.security.web.context.request.async.WebAsyncManagerIntegrationFilter.doFilterInternal(WebAsyncManagerIntegrationFilter.java:55)
	at org.springframework.web.filter.OncePerRequestFilter.doFilter(OncePerRequestFilter.java:119)
	at org.springframework.security.web.FilterChainProxy$VirtualFilterChain.doFilter(FilterChainProxy.java:336)
	at org.springframework.security.web.FilterChainProxy.doFilterInternal(FilterChainProxy.java:211)
	at org.springframework.security.web.FilterChainProxy.doFilter(FilterChainProxy.java:183)
	at org.springframework.web.filter.DelegatingFilterProxy.invokeDelegate(DelegatingFilterProxy.java:358)
	at org.springframework.web.filter.DelegatingFilterProxy.doFilter(DelegatingFilterProxy.java:271)
	at org.apache.catalina.core.ApplicationFilterChain.internalDoFilter(ApplicationFilterChain.java:190)
	at org.apache.catalina.core.ApplicationFilterChain.doFilter(ApplicationFilterChain.java:163)
	at org.springframework.web.filter.RequestContextFilter.doFilterInternal(RequestContextFilter.java:100)
	at org.springframework.web.filter.OncePerRequestFilter.doFilter(OncePerRequestFilter.java:119)
	at org.apache.catalina.core.ApplicationFilterChain.internalDoFilter(ApplicationFilterChain.java:190)
	at org.apache.catalina.core.ApplicationFilterChain.doFilter(ApplicationFilterChain.java:163)
	at org.springframework.web.filter.FormContentFilter.doFilterInternal(FormContentFilter.java:93)
	at org.springframework.web.filter.OncePerRequestFilter.doFilter(OncePerRequestFilter.java:119)
	at org.apache.catalina.core.ApplicationFilterChain.internalDoFilter(ApplicationFilterChain.java:190)
	at org.apache.catalina.core.ApplicationFilterChain.doFilter(ApplicationFilterChain.java:163)
	at org.springframework.session.web.http.SessionRepositoryFilter.doFilterInternal(SessionRepositoryFilter.java:142)
	at org.springframework.session.web.http.OncePerRequestFilter.doFilter(OncePerRequestFilter.java:82)
	at org.apache.catalina.core.ApplicationFilterChain.internalDoFilter(ApplicationFilterChain.java:190)
	at org.apache.catalina.core.ApplicationFilterChain.doFilter(ApplicationFilterChain.java:163)
	at org.springframework.boot.actuate.metrics.web.servlet.WebMvcMetricsFilter.doFilterInternal(WebMvcMetricsFilter.java:96)
	at org.springframework.web.filter.OncePerRequestFilter.doFilter(OncePerRequestFilter.java:119)
	at org.apache.catalina.core.ApplicationFilterChain.internalDoFilter(ApplicationFilterChain.java:190)
	at org.apache.catalina.core.ApplicationFilterChain.doFilter(ApplicationFilterChain.java:163)
	at org.springframework.web.filter.CharacterEncodingFilter.doFilterInternal(CharacterEncodingFilter.java:201)
	at org.springframework.web.filter.OncePerRequestFilter.doFilter(OncePerRequestFilter.java:119)
	at org.apache.catalina.core.ApplicationFilterChain.internalDoFilter(ApplicationFilterChain.java:190)
	at org.apache.catalina.core.ApplicationFilterChain.doFilter(ApplicationFilterChain.java:163)
	at org.apache.catalina.core.StandardWrapperValve.invoke(StandardWrapperValve.java:202)
	at org.apache.catalina.core.StandardContextValve.invoke(StandardContextValve.java:97)
	at org.apache.catalina.authenticator.AuthenticatorBase.invoke(AuthenticatorBase.java:542)
	at org.apache.catalina.core.StandardHostValve.invoke(StandardHostValve.java:143)
	at org.apache.catalina.valves.ErrorReportValve.invoke(ErrorReportValve.java:92)
	at org.apache.catalina.core.StandardEngineValve.invoke(StandardEngineValve.java:78)
	at org.apache.catalina.connector.CoyoteAdapter.service(CoyoteAdapter.java:357)
	at org.apache.coyote.http11.Http11Processor.service(Http11Processor.java:382)
	at org.apache.coyote.AbstractProcessorLight.process(AbstractProcessorLight.java:65)
	at org.apache.coyote.AbstractProtocol$ConnectionHandler.process(AbstractProtocol.java:893)
	at org.apache.tomcat.util.net.NioEndpoint$SocketProcessor.doRun(NioEndpoint.java:1723)
	at org.apache.tomcat.util.net.SocketProcessorBase.run(SocketProcessorBase.java:49)
	at java.util.concurrent.ThreadPoolExecutor.runWorker(ThreadPoolExecutor.java:1149)
	at java.util.concurrent.ThreadPoolExecutor$Worker.run(ThreadPoolExecutor.java:624)
	at org.apache.tomcat.util.threads.TaskThread$WrappingRunnable.run(TaskThread.java:61)
	at java.lang.Thread.run(Thread.java:748)
2022-02-24 00:33:01,780 [http-nio-8082-exec-2] ERROR -[DirectJDKLog.java:175]- Servlet.service() for servlet [dispatcherServlet] in context with path [] threw exception [Request processing failed; nested exception is com.liyuehong.weeklyreport.configuration.CustomException] with root cause
com.liyuehong.weeklyreport.configuration.CustomException: null
	at com.liyuehong.weeklyreport.service.UserService.addUser(UserService.java:59)
	at com.liyuehong.weeklyreport.controller.RegisterController.reg(RegisterController.java:32)
	at sun.reflect.NativeMethodAccessorImpl.invoke0(Native Method)
	at sun.reflect.NativeMethodAccessorImpl.invoke(NativeMethodAccessorImpl.java:62)
	at sun.reflect.DelegatingMethodAccessorImpl.invoke(DelegatingMethodAccessorImpl.java:43)
	at java.lang.reflect.Method.invoke(Method.java:498)
	at org.springframework.web.method.support.InvocableHandlerMethod.doInvoke(InvocableHandlerMethod.java:197)
	at org.springframework.web.method.support.InvocableHandlerMethod.invokeForRequest(InvocableHandlerMethod.java:141)
	at org.springframework.web.servlet.mvc.method.annotation.ServletInvocableHandlerMethod.invokeAndHandle(ServletInvocableHandlerMethod.java:106)
	at org.springframework.web.servlet.mvc.method.annotation.RequestMappingHandlerAdapter.invokeHandlerMethod(RequestMappingHandlerAdapter.java:895)
	at org.springframework.web.servlet.mvc.method.annotation.RequestMappingHandlerAdapter.handleInternal(RequestMappingHandlerAdapter.java:808)
	at org.springframework.web.servlet.mvc.method.AbstractHandlerMethodAdapter.handle(AbstractHandlerMethodAdapter.java:87)
	at org.springframework.web.servlet.DispatcherServlet.doDispatch(DispatcherServlet.java:1064)
	at org.springframework.web.servlet.DispatcherServlet.doService(DispatcherServlet.java:963)
	at org.springframework.web.servlet.FrameworkServlet.processRequest(FrameworkServlet.java:1006)
	at org.springframework.web.servlet.FrameworkServlet.doPost(FrameworkServlet.java:909)
	at javax.servlet.http.HttpServlet.service(HttpServlet.java:681)
	at org.springframework.web.servlet.FrameworkServlet.service(FrameworkServlet.java:883)
	at javax.servlet.http.HttpServlet.service(HttpServlet.java:764)
	at org.apache.catalina.core.ApplicationFilterChain.internalDoFilter(ApplicationFilterChain.java:228)
	at org.apache.catalina.core.ApplicationFilterChain.doFilter(ApplicationFilterChain.java:163)
	at org.apache.tomcat.websocket.server.WsFilter.doFilter(WsFilter.java:53)
	at org.apache.catalina.core.ApplicationFilterChain.internalDoFilter(ApplicationFilterChain.java:190)
	at org.apache.catalina.core.ApplicationFilterChain.doFilter(ApplicationFilterChain.java:163)
	at com.alibaba.druid.support.http.WebStatFilter.doFilter(WebStatFilter.java:123)
	at org.apache.catalina.core.ApplicationFilterChain.internalDoFilter(ApplicationFilterChain.java:190)
	at org.apache.catalina.core.ApplicationFilterChain.doFilter(ApplicationFilterChain.java:163)
	at org.springframework.security.web.FilterChainProxy$VirtualFilterChain.doFilter(FilterChainProxy.java:327)
	at org.springframework.security.web.access.intercept.FilterSecurityInterceptor.invoke(FilterSecurityInterceptor.java:115)
	at org.springframework.security.web.access.intercept.FilterSecurityInterceptor.doFilter(FilterSecurityInterceptor.java:81)
	at org.springframework.security.web.FilterChainProxy$VirtualFilterChain.doFilter(FilterChainProxy.java:336)
	at org.springframework.security.web.access.ExceptionTranslationFilter.doFilter(ExceptionTranslationFilter.java:121)
	at org.springframework.security.web.access.ExceptionTranslationFilter.doFilter(ExceptionTranslationFilter.java:115)
	at org.springframework.security.web.FilterChainProxy$VirtualFilterChain.doFilter(FilterChainProxy.java:336)
	at org.springframework.security.web.session.SessionManagementFilter.doFilter(SessionManagementFilter.java:126)
	at org.springframework.security.web.session.SessionManagementFilter.doFilter(SessionManagementFilter.java:81)
	at org.springframework.security.web.FilterChainProxy$VirtualFilterChain.doFilter(FilterChainProxy.java:336)
	at org.springframework.security.web.authentication.AnonymousAuthenticationFilter.doFilter(AnonymousAuthenticationFilter.java:105)
	at org.springframework.security.web.FilterChainProxy$VirtualFilterChain.doFilter(FilterChainProxy.java:336)
	at org.springframework.security.web.servletapi.SecurityContextHolderAwareRequestFilter.doFilter(SecurityContextHolderAwareRequestFilter.java:149)
	at org.springframework.security.web.FilterChainProxy$VirtualFilterChain.doFilter(FilterChainProxy.java:336)
	at org.springframework.security.web.savedrequest.RequestCacheAwareFilter.doFilter(RequestCacheAwareFilter.java:63)
	at org.springframework.security.web.FilterChainProxy$VirtualFilterChain.doFilter(FilterChainProxy.java:336)
	at org.springframework.security.web.authentication.AbstractAuthenticationProcessingFilter.doFilter(AbstractAuthenticationProcessingFilter.java:218)
	at org.springframework.security.web.authentication.AbstractAuthenticationProcessingFilter.doFilter(AbstractAuthenticationProcessingFilter.java:212)
	at org.springframework.security.web.FilterChainProxy$VirtualFilterChain.doFilter(FilterChainProxy.java:336)
	at org.springframework.security.web.authentication.logout.LogoutFilter.doFilter(LogoutFilter.java:103)
	at org.springframework.security.web.authentication.logout.LogoutFilter.doFilter(LogoutFilter.java:89)
	at org.springframework.security.web.FilterChainProxy$VirtualFilterChain.doFilter(FilterChainProxy.java:336)
	at org.springframework.web.filter.CorsFilter.doFilterInternal(CorsFilter.java:91)
	at org.springframework.web.filter.OncePerRequestFilter.doFilter(OncePerRequestFilter.java:119)
	at org.springframework.security.web.FilterChainProxy$VirtualFilterChain.doFilter(FilterChainProxy.java:336)
	at org.springframework.security.web.header.HeaderWriterFilter.doHeadersAfter(HeaderWriterFilter.java:90)
	at org.springframework.security.web.header.HeaderWriterFilter.doFilterInternal(HeaderWriterFilter.java:75)
	at org.springframework.web.filter.OncePerRequestFilter.doFilter(OncePerRequestFilter.java:119)
	at org.springframework.security.web.FilterChainProxy$VirtualFilterChain.doFilter(FilterChainProxy.java:336)
	at org.springframework.security.web.context.SecurityContextPersistenceFilter.doFilter(SecurityContextPersistenceFilter.java:110)
	at org.springframework.security.web.context.SecurityContextPersistenceFilter.doFilter(SecurityContextPersistenceFilter.java:80)
	at org.springframework.security.web.FilterChainProxy$VirtualFilterChain.doFilter(FilterChainProxy.java:336)
	at org.springframework.security.web.context.request.async.WebAsyncManagerIntegrationFilter.doFilterInternal(WebAsyncManagerIntegrationFilter.java:55)
	at org.springframework.web.filter.OncePerRequestFilter.doFilter(OncePerRequestFilter.java:119)
	at org.springframework.security.web.FilterChainProxy$VirtualFilterChain.doFilter(FilterChainProxy.java:336)
	at org.springframework.security.web.FilterChainProxy.doFilterInternal(FilterChainProxy.java:211)
	at org.springframework.security.web.FilterChainProxy.doFilter(FilterChainProxy.java:183)
	at org.springframework.web.filter.DelegatingFilterProxy.invokeDelegate(DelegatingFilterProxy.java:358)
	at org.springframework.web.filter.DelegatingFilterProxy.doFilter(DelegatingFilterProxy.java:271)
	at org.apache.catalina.core.ApplicationFilterChain.internalDoFilter(ApplicationFilterChain.java:190)
	at org.apache.catalina.core.ApplicationFilterChain.doFilter(ApplicationFilterChain.java:163)
	at org.springframework.web.filter.RequestContextFilter.doFilterInternal(RequestContextFilter.java:100)
	at org.springframework.web.filter.OncePerRequestFilter.doFilter(OncePerRequestFilter.java:119)
	at org.apache.catalina.core.ApplicationFilterChain.internalDoFilter(ApplicationFilterChain.java:190)
	at org.apache.catalina.core.ApplicationFilterChain.doFilter(ApplicationFilterChain.java:163)
	at org.springframework.web.filter.FormContentFilter.doFilterInternal(FormContentFilter.java:93)
	at org.springframework.web.filter.OncePerRequestFilter.doFilter(OncePerRequestFilter.java:119)
	at org.apache.catalina.core.ApplicationFilterChain.internalDoFilter(ApplicationFilterChain.java:190)
	at org.apache.catalina.core.ApplicationFilterChain.doFilter(ApplicationFilterChain.java:163)
	at org.springframework.session.web.http.SessionRepositoryFilter.doFilterInternal(SessionRepositoryFilter.java:142)
	at org.springframework.session.web.http.OncePerRequestFilter.doFilter(OncePerRequestFilter.java:82)
	at org.apache.catalina.core.ApplicationFilterChain.internalDoFilter(ApplicationFilterChain.java:190)
	at org.apache.catalina.core.ApplicationFilterChain.doFilter(ApplicationFilterChain.java:163)
	at org.springframework.boot.actuate.metrics.web.servlet.WebMvcMetricsFilter.doFilterInternal(WebMvcMetricsFilter.java:96)
	at org.springframework.web.filter.OncePerRequestFilter.doFilter(OncePerRequestFilter.java:119)
	at org.apache.catalina.core.ApplicationFilterChain.internalDoFilter(ApplicationFilterChain.java:190)
	at org.apache.catalina.core.ApplicationFilterChain.doFilter(ApplicationFilterChain.java:163)
	at org.springframework.web.filter.CharacterEncodingFilter.doFilterInternal(CharacterEncodingFilter.java:201)
	at org.springframework.web.filter.OncePerRequestFilter.doFilter(OncePerRequestFilter.java:119)
	at org.apache.catalina.core.ApplicationFilterChain.internalDoFilter(ApplicationFilterChain.java:190)
	at org.apache.catalina.core.ApplicationFilterChain.doFilter(ApplicationFilterChain.java:163)
	at org.apache.catalina.core.StandardWrapperValve.invoke(StandardWrapperValve.java:202)
	at org.apache.catalina.core.StandardContextValve.invoke(StandardContextValve.java:97)
	at org.apache.catalina.authenticator.AuthenticatorBase.invoke(AuthenticatorBase.java:542)
	at org.apache.catalina.core.StandardHostValve.invoke(StandardHostValve.java:143)
	at org.apache.catalina.valves.ErrorReportValve.invoke(ErrorReportValve.java:92)
	at org.apache.catalina.core.StandardEngineValve.invoke(StandardEngineValve.java:78)
	at org.apache.catalina.connector.CoyoteAdapter.service(CoyoteAdapter.java:357)
	at org.apache.coyote.http11.Http11Processor.service(Http11Processor.java:382)
	at org.apache.coyote.AbstractProcessorLight.process(AbstractProcessorLight.java:65)
	at org.apache.coyote.AbstractProtocol$ConnectionHandler.process(AbstractProtocol.java:893)
	at org.apache.tomcat.util.net.NioEndpoint$SocketProcessor.doRun(NioEndpoint.java:1723)
	at org.apache.tomcat.util.net.SocketProcessorBase.run(SocketProcessorBase.java:49)
	at java.util.concurrent.ThreadPoolExecutor.runWorker(ThreadPoolExecutor.java:1149)
	at java.util.concurrent.ThreadPoolExecutor$Worker.run(ThreadPoolExecutor.java:624)
	at org.apache.tomcat.util.threads.TaskThread$WrappingRunnable.run(TaskThread.java:61)
	at java.lang.Thread.run(Thread.java:748)
2022-02-24 00:35:10,854 [SpringApplicationShutdownHook] INFO  -[DruidDataSource.java:1825]- {dataSource-1} closed
2022-02-24 00:35:14,860 [main] INFO  -[StartupInfoLogger.java:55]- Starting WeeklyReportApplication using Java 1.8.0_301 on LAPTOP-NUCNNVIC with PID 16892 (D:\GithubRepo\WeeklyReport\target\classes started by Swjtu-Li in D:\GithubRepo\WeeklyReport)
2022-02-24 00:35:14,860 [main] DEBUG -[StartupInfoLogger.java:56]- Running with Spring Boot v2.5.3, Spring v5.3.9
2022-02-24 00:35:14,860 [main] INFO  -[SpringApplication.java:659]- No active profile set, falling back to default profiles: default
2022-02-24 00:35:15,782 [main] INFO  -[RepositoryConfigurationDelegate.java:262]- Multiple Spring Data modules found, entering strict repository configuration mode!
2022-02-24 00:35:15,782 [main] INFO  -[RepositoryConfigurationDelegate.java:132]- Bootstrapping Spring Data Redis repositories in DEFAULT mode.
2022-02-24 00:35:15,798 [main] INFO  -[RepositoryConfigurationDelegate.java:201]- Finished Spring Data repository scanning in 7 ms. Found 0 Redis repository interfaces.
2022-02-24 00:35:16,064 [main] INFO  -[PostProcessorRegistrationDelegate.java:376]- Bean 'redisConfig' of type [com.liyuehong.weeklyreport.configuration.RedisConfig$$EnhancerBySpringCGLIB$$e67183b] is not eligible for getting processed by all BeanPostProcessors (for example: not eligible for auto-proxying)
2022-02-24 00:35:16,251 [main] INFO  -[TomcatWebServer.java:108]- Tomcat initialized with port(s): 8082 (http)
2022-02-24 00:35:16,251 [main] INFO  -[DirectJDKLog.java:173]- Initializing ProtocolHandler ["http-nio-8082"]
2022-02-24 00:35:16,251 [main] INFO  -[DirectJDKLog.java:173]- Starting service [Tomcat]
2022-02-24 00:35:16,251 [main] INFO  -[DirectJDKLog.java:173]- Starting Servlet engine: [Apache Tomcat/9.0.50]
2022-02-24 00:35:16,378 [main] INFO  -[DirectJDKLog.java:173]- Initializing Spring embedded WebApplicationContext
2022-02-24 00:35:16,378 [main] INFO  -[ServletWebServerApplicationContext.java:290]- Root WebApplicationContext: initialization completed in 1486 ms
2022-02-24 00:35:16,784 [main] INFO  -[DruidDataSourceAutoConfigure.java:56]- Init DruidDataSource
2022-02-24 00:35:16,867 [main] INFO  -[DruidDataSource.java:930]- {dataSource-1} inited
2022-02-24 00:35:17,339 [main] INFO  -[EndpointLinksResolver.java:58]- Exposing 1 endpoint(s) beneath base path '/actuator'
2022-02-24 00:35:17,370 [main] INFO  -[RedisConfig.java:113]- 初始化 -> [Redis CacheErrorHandler]
2022-02-24 00:35:17,433 [main] INFO  -[DefaultSecurityFilterChain.java:51]- Will secure Ant [pattern='/js/**'] with []
2022-02-24 00:35:17,433 [main] INFO  -[DefaultSecurityFilterChain.java:51]- Will secure Ant [pattern='/css/**'] with []
2022-02-24 00:35:17,433 [main] INFO  -[DefaultSecurityFilterChain.java:51]- Will secure Ant [pattern='/images/**'] with []
2022-02-24 00:35:17,433 [main] INFO  -[DefaultSecurityFilterChain.java:51]- Will secure Ant [pattern='/swagger-ui.html'] with []
2022-02-24 00:35:17,433 [main] INFO  -[DefaultSecurityFilterChain.java:51]- Will secure Ant [pattern='/webjars/**'] with []
2022-02-24 00:35:17,433 [main] INFO  -[DefaultSecurityFilterChain.java:51]- Will secure Ant [pattern='/v2/**'] with []
2022-02-24 00:35:17,433 [main] INFO  -[DefaultSecurityFilterChain.java:51]- Will secure Ant [pattern='/swagger-resources/**'] with []
2022-02-24 00:35:17,467 [main] INFO  -[PropertySourcedRequestMappingHandlerMapping.java:69]- Mapped URL path [/v2/api-docs] onto method [springfox.documentation.swagger2.web.Swagger2Controller#getDocumentation(String, HttpServletRequest)]
2022-02-24 00:35:17,514 [main] INFO  -[DefaultSecurityFilterChain.java:51]- Will secure any request with [org.springframework.security.web.context.request.async.WebAsyncManagerIntegrationFilter@51af8049, org.springframework.security.web.context.SecurityContextPersistenceFilter@c758a2d, org.springframework.security.web.header.HeaderWriterFilter@6d421fe, org.springframework.web.filter.CorsFilter@376af784, org.springframework.security.web.authentication.logout.LogoutFilter@892af0e, org.springframework.security.web.authentication.UsernamePasswordAuthenticationFilter@4d67d5a4, org.springframework.security.web.savedrequest.RequestCacheAwareFilter@6ce15112, org.springframework.security.web.servletapi.SecurityContextHolderAwareRequestFilter@505d2bac, org.springframework.security.web.authentication.AnonymousAuthenticationFilter@a9a8ec3, org.springframework.security.web.session.SessionManagementFilter@36dafa24, org.springframework.security.web.access.ExceptionTranslationFilter@7babed9e, org.springframework.security.web.access.intercept.FilterSecurityInterceptor@5ed25612]
2022-02-24 00:35:18,477 [main] INFO  -[DirectJDKLog.java:173]- Starting ProtocolHandler ["http-nio-8082"]
2022-02-24 00:35:18,477 [main] INFO  -[TomcatWebServer.java:220]- Tomcat started on port(s): 8082 (http) with context path ''
2022-02-24 00:35:18,477 [main] INFO  -[DocumentationPluginsBootstrapper.java:160]- Context refreshed
2022-02-24 00:35:18,492 [main] INFO  -[DocumentationPluginsBootstrapper.java:163]- Found 1 custom documentation plugin(s)
2022-02-24 00:35:18,508 [main] INFO  -[ApiListingReferenceScanner.java:41]- Scanning for api listing references
2022-02-24 00:35:18,586 [main] WARN  -[ParameterDataTypeReader.java:92]- Trying to infer dataType int[]
2022-02-24 00:35:19,155 [main] INFO  -[ScheduledAnnotationBeanPostProcessor.java:309]- No TaskScheduler/ScheduledExecutorService bean found for scheduled processing
2022-02-24 00:35:19,170 [main] INFO  -[StartupInfoLogger.java:61]- Started WeeklyReportApplication in 4.564 seconds (JVM running for 5.292)
2022-02-24 00:35:19,753 [RMI TCP Connection(3)-192.168.8.100] INFO  -[DirectJDKLog.java:173]- Initializing Spring DispatcherServlet 'dispatcherServlet'
2022-02-24 00:35:19,753 [RMI TCP Connection(3)-192.168.8.100] INFO  -[FrameworkServlet.java:525]- Initializing Servlet 'dispatcherServlet'
2022-02-24 00:35:19,753 [RMI TCP Connection(3)-192.168.8.100] INFO  -[FrameworkServlet.java:547]- Completed initialization in 0 ms
2022-02-24 00:35:24,400 [http-nio-8082-exec-1] DEBUG -[BaseJdbcLogger.java:137]- ==>  Preparing: select id, username, password, enabled, email, regTime, avatar_name from user where username=?
2022-02-24 00:35:24,414 [http-nio-8082-exec-1] DEBUG -[BaseJdbcLogger.java:137]- ==> Parameters: admin(String)
2022-02-24 00:35:24,524 [http-nio-8082-exec-1] TRACE -[BaseJdbcLogger.java:143]- <==    Columns: id, username, password, enabled, email, regTime, avatar_name
2022-02-24 00:35:24,524 [http-nio-8082-exec-1] TRACE -[BaseJdbcLogger.java:143]- <==        Row: 1, admin, $2a$16$Fnenz3KKbv8Mh7N6CB2c5uTK8a4JC3wUe/sDV7z8n1Uq1vJdaUZYS, 1, null, null, 2022-02-13e4dd95ba58e34227968acd36250abc9c.png
2022-02-24 00:35:24,524 [http-nio-8082-exec-1] DEBUG -[BaseJdbcLogger.java:137]- <==      Total: 1
2022-02-24 00:41:08,059 [SpringApplicationShutdownHook] INFO  -[DruidDataSource.java:1825]- {dataSource-1} closed
