2022-04-12 09:34:44,219 [SpringApplicationShutdownHook] INFO  -[DruidDataSource.java:1825]- {dataSource-1} closed
2022-04-12 09:34:51,249 [main] INFO  -[StartupInfoLogger.java:55]- Starting WeeklyReportApplication using Java 1.8.0_291 on DESKTOP-AF5B2DF with PID 30556 (E:\MyGitHubRepository\WeeklyReport\target\classes started by yhli3 in E:\MyGitHubRepository\WeeklyReport)
2022-04-12 09:34:51,252 [main] DEBUG -[StartupInfoLogger.java:56]- Running with Spring Boot v2.5.3, Spring v5.3.9
2022-04-12 09:34:51,252 [main] INFO  -[SpringApplication.java:659]- No active profile set, falling back to default profiles: default
2022-04-12 09:34:52,527 [main] INFO  -[RepositoryConfigurationDelegate.java:262]- Multiple Spring Data modules found, entering strict repository configuration mode!
2022-04-12 09:34:52,529 [main] INFO  -[RepositoryConfigurationDelegate.java:132]- Bootstrapping Spring Data Redis repositories in DEFAULT mode.
2022-04-12 09:34:52,549 [main] INFO  -[RepositoryConfigurationDelegate.java:201]- Finished Spring Data repository scanning in 9 ms. Found 0 Redis repository interfaces.
2022-04-12 09:34:52,832 [main] INFO  -[PostProcessorRegistrationDelegate.java:376]- Bean 'redisConfig' of type [com.liyuehong.weeklyreport.configuration.RedisConfig$$EnhancerBySpringCGLIB$$180c7048] is not eligible for getting processed by all BeanPostProcessors (for example: not eligible for auto-proxying)
2022-04-12 09:34:53,162 [main] INFO  -[TomcatWebServer.java:108]- Tomcat initialized with port(s): 8082 (http)
2022-04-12 09:34:53,169 [main] INFO  -[DirectJDKLog.java:173]- Initializing ProtocolHandler ["http-nio-8082"]
2022-04-12 09:34:53,169 [main] INFO  -[DirectJDKLog.java:173]- Starting service [Tomcat]
2022-04-12 09:34:53,170 [main] INFO  -[DirectJDKLog.java:173]- Starting Servlet engine: [Apache Tomcat/9.0.50]
2022-04-12 09:34:53,816 [main] INFO  -[DirectJDKLog.java:173]- Initializing Spring embedded WebApplicationContext
2022-04-12 09:34:53,816 [main] INFO  -[ServletWebServerApplicationContext.java:290]- Root WebApplicationContext: initialization completed in 2522 ms
2022-04-12 09:34:54,497 [main] INFO  -[DruidDataSourceAutoConfigure.java:56]- Init DruidDataSource
2022-04-12 09:34:54,612 [main] INFO  -[DruidDataSource.java:930]- {dataSource-1} inited
2022-04-12 09:34:55,324 [main] INFO  -[EndpointLinksResolver.java:58]- Exposing 1 endpoint(s) beneath base path '/actuator'
2022-04-12 09:34:55,404 [main] INFO  -[RedisConfig.java:113]- 初始化 -> [Redis CacheErrorHandler]
2022-04-12 09:34:55,495 [main] INFO  -[DefaultSecurityFilterChain.java:51]- Will secure Ant [pattern='/js/**'] with []
2022-04-12 09:34:55,495 [main] INFO  -[DefaultSecurityFilterChain.java:51]- Will secure Ant [pattern='/css/**'] with []
2022-04-12 09:34:55,495 [main] INFO  -[DefaultSecurityFilterChain.java:51]- Will secure Ant [pattern='/images/**'] with []
2022-04-12 09:34:55,495 [main] INFO  -[DefaultSecurityFilterChain.java:51]- Will secure Ant [pattern='/swagger-ui.html'] with []
2022-04-12 09:34:55,495 [main] INFO  -[DefaultSecurityFilterChain.java:51]- Will secure Ant [pattern='/webjars/**'] with []
2022-04-12 09:34:55,496 [main] INFO  -[DefaultSecurityFilterChain.java:51]- Will secure Ant [pattern='/v2/**'] with []
2022-04-12 09:34:55,496 [main] INFO  -[DefaultSecurityFilterChain.java:51]- Will secure Ant [pattern='/swagger-resources/**'] with []
2022-04-12 09:34:55,541 [main] INFO  -[PropertySourcedRequestMappingHandlerMapping.java:69]- Mapped URL path [/v2/api-docs] onto method [springfox.documentation.swagger2.web.Swagger2Controller#getDocumentation(String, HttpServletRequest)]
2022-04-12 09:34:55,589 [main] INFO  -[DefaultSecurityFilterChain.java:51]- Will secure any request with [org.springframework.security.web.context.request.async.WebAsyncManagerIntegrationFilter@374b6e33, org.springframework.security.web.context.SecurityContextPersistenceFilter@1a536164, org.springframework.security.web.header.HeaderWriterFilter@3df77dfa, org.springframework.web.filter.CorsFilter@7ed7ae, org.springframework.security.web.authentication.logout.LogoutFilter@793cef95, org.springframework.security.web.authentication.UsernamePasswordAuthenticationFilter@1669931a, org.springframework.security.web.savedrequest.RequestCacheAwareFilter@368424db, org.springframework.security.web.servletapi.SecurityContextHolderAwareRequestFilter@7e0986c9, org.springframework.security.web.authentication.AnonymousAuthenticationFilter@53ba1175, org.springframework.security.web.session.SessionManagementFilter@63187d63, org.springframework.security.web.access.ExceptionTranslationFilter@30517a57, org.springframework.security.web.access.intercept.FilterSecurityInterceptor@7548e1fb]
2022-04-12 09:34:58,203 [main] INFO  -[DirectJDKLog.java:173]- Starting ProtocolHandler ["http-nio-8082"]
2022-04-12 09:34:58,213 [main] INFO  -[TomcatWebServer.java:220]- Tomcat started on port(s): 8082 (http) with context path ''
2022-04-12 09:34:58,214 [main] INFO  -[DocumentationPluginsBootstrapper.java:160]- Context refreshed
2022-04-12 09:34:58,231 [main] INFO  -[DocumentationPluginsBootstrapper.java:163]- Found 1 custom documentation plugin(s)
2022-04-12 09:34:58,258 [main] INFO  -[ApiListingReferenceScanner.java:41]- Scanning for api listing references
2022-04-12 09:34:58,344 [main] WARN  -[ParameterDataTypeReader.java:92]- Trying to infer dataType int[]
2022-04-12 09:35:03,480 [main] INFO  -[ScheduledAnnotationBeanPostProcessor.java:309]- No TaskScheduler/ScheduledExecutorService bean found for scheduled processing
2022-04-12 09:35:03,492 [main] INFO  -[StartupInfoLogger.java:61]- Started WeeklyReportApplication in 12.591 seconds (JVM running for 15.362)
2022-04-12 09:35:04,176 [RMI TCP Connection(2)-192.168.196.22] INFO  -[DirectJDKLog.java:173]- Initializing Spring DispatcherServlet 'dispatcherServlet'
2022-04-12 09:35:04,176 [RMI TCP Connection(2)-192.168.196.22] INFO  -[FrameworkServlet.java:525]- Initializing Servlet 'dispatcherServlet'
2022-04-12 09:35:04,179 [RMI TCP Connection(2)-192.168.196.22] INFO  -[FrameworkServlet.java:547]- Completed initialization in 2 ms
2022-04-12 10:17:55,048 [lettuce-nioEventLoop-4-3] INFO  -[AbstractInternalLogger.java:217]- null Unexpected exception during request: java.io.IOException: 远程主机强迫关闭了一个现有的连接。
java.io.IOException: 远程主机强迫关闭了一个现有的连接。
	at sun.nio.ch.SocketDispatcher.read0(Native Method)
	at sun.nio.ch.SocketDispatcher.read(SocketDispatcher.java:43)
	at sun.nio.ch.IOUtil.readIntoNativeBuffer(IOUtil.java:223)
	at sun.nio.ch.IOUtil.read(IOUtil.java:192)
	at sun.nio.ch.SocketChannelImpl.read(SocketChannelImpl.java:378)
	at io.netty.buffer.PooledByteBuf.setBytes(PooledByteBuf.java:253)
	at io.netty.buffer.AbstractByteBuf.writeBytes(AbstractByteBuf.java:1132)
	at io.netty.channel.socket.nio.NioSocketChannel.doReadBytes(NioSocketChannel.java:350)
	at io.netty.channel.nio.AbstractNioByteChannel$NioByteUnsafe.read(AbstractNioByteChannel.java:151)
	at io.netty.channel.nio.NioEventLoop.processSelectedKey(NioEventLoop.java:719)
	at io.netty.channel.nio.NioEventLoop.processSelectedKeysOptimized(NioEventLoop.java:655)
	at io.netty.channel.nio.NioEventLoop.processSelectedKeys(NioEventLoop.java:581)
	at io.netty.channel.nio.NioEventLoop.run(NioEventLoop.java:493)
	at io.netty.util.concurrent.SingleThreadEventExecutor$4.run(SingleThreadEventExecutor.java:986)
	at io.netty.util.internal.ThreadExecutorMap$2.run(ThreadExecutorMap.java:74)
	at io.netty.util.concurrent.FastThreadLocalRunnable.run(FastThreadLocalRunnable.java:30)
	at java.lang.Thread.run(Thread.java:748)
2022-04-12 10:17:55,048 [lettuce-nioEventLoop-4-2] INFO  -[AbstractInternalLogger.java:217]- null Unexpected exception during request: java.io.IOException: 远程主机强迫关闭了一个现有的连接。
java.io.IOException: 远程主机强迫关闭了一个现有的连接。
	at sun.nio.ch.SocketDispatcher.read0(Native Method)
	at sun.nio.ch.SocketDispatcher.read(SocketDispatcher.java:43)
	at sun.nio.ch.IOUtil.readIntoNativeBuffer(IOUtil.java:223)
	at sun.nio.ch.IOUtil.read(IOUtil.java:192)
	at sun.nio.ch.SocketChannelImpl.read(SocketChannelImpl.java:378)
	at io.netty.buffer.PooledByteBuf.setBytes(PooledByteBuf.java:253)
	at io.netty.buffer.AbstractByteBuf.writeBytes(AbstractByteBuf.java:1132)
	at io.netty.channel.socket.nio.NioSocketChannel.doReadBytes(NioSocketChannel.java:350)
	at io.netty.channel.nio.AbstractNioByteChannel$NioByteUnsafe.read(AbstractNioByteChannel.java:151)
	at io.netty.channel.nio.NioEventLoop.processSelectedKey(NioEventLoop.java:719)
	at io.netty.channel.nio.NioEventLoop.processSelectedKeysOptimized(NioEventLoop.java:655)
	at io.netty.channel.nio.NioEventLoop.processSelectedKeys(NioEventLoop.java:581)
	at io.netty.channel.nio.NioEventLoop.run(NioEventLoop.java:493)
	at io.netty.util.concurrent.SingleThreadEventExecutor$4.run(SingleThreadEventExecutor.java:986)
	at io.netty.util.internal.ThreadExecutorMap$2.run(ThreadExecutorMap.java:74)
	at io.netty.util.concurrent.FastThreadLocalRunnable.run(FastThreadLocalRunnable.java:30)
	at java.lang.Thread.run(Thread.java:748)
2022-04-12 10:17:55,048 [lettuce-nioEventLoop-4-1] INFO  -[AbstractInternalLogger.java:217]- null Unexpected exception during request: java.io.IOException: 远程主机强迫关闭了一个现有的连接。
java.io.IOException: 远程主机强迫关闭了一个现有的连接。
	at sun.nio.ch.SocketDispatcher.read0(Native Method)
	at sun.nio.ch.SocketDispatcher.read(SocketDispatcher.java:43)
	at sun.nio.ch.IOUtil.readIntoNativeBuffer(IOUtil.java:223)
	at sun.nio.ch.IOUtil.read(IOUtil.java:192)
	at sun.nio.ch.SocketChannelImpl.read(SocketChannelImpl.java:378)
	at io.netty.buffer.PooledByteBuf.setBytes(PooledByteBuf.java:253)
	at io.netty.buffer.AbstractByteBuf.writeBytes(AbstractByteBuf.java:1132)
	at io.netty.channel.socket.nio.NioSocketChannel.doReadBytes(NioSocketChannel.java:350)
	at io.netty.channel.nio.AbstractNioByteChannel$NioByteUnsafe.read(AbstractNioByteChannel.java:151)
	at io.netty.channel.nio.NioEventLoop.processSelectedKey(NioEventLoop.java:719)
	at io.netty.channel.nio.NioEventLoop.processSelectedKeysOptimized(NioEventLoop.java:655)
	at io.netty.channel.nio.NioEventLoop.processSelectedKeys(NioEventLoop.java:581)
	at io.netty.channel.nio.NioEventLoop.run(NioEventLoop.java:493)
	at io.netty.util.concurrent.SingleThreadEventExecutor$4.run(SingleThreadEventExecutor.java:986)
	at io.netty.util.internal.ThreadExecutorMap$2.run(ThreadExecutorMap.java:74)
	at io.netty.util.concurrent.FastThreadLocalRunnable.run(FastThreadLocalRunnable.java:30)
	at java.lang.Thread.run(Thread.java:748)
2022-04-12 10:17:55,131 [lettuce-eventExecutorLoop-1-3] INFO  -[AbstractInternalLogger.java:171]- Reconnecting, last destination was /47.101.198.23:6379
2022-04-12 10:17:55,131 [lettuce-eventExecutorLoop-1-2] INFO  -[AbstractInternalLogger.java:171]- Reconnecting, last destination was /47.101.198.23:6379
2022-04-12 10:17:55,131 [lettuce-eventExecutorLoop-1-8] INFO  -[AbstractInternalLogger.java:171]- Reconnecting, last destination was /47.101.198.23:6379
2022-04-12 10:17:55,281 [lettuce-nioEventLoop-4-4] INFO  -[ReconnectionHandler.java:164]- Reconnected to 47.101.198.23:6379
2022-04-12 10:17:55,283 [lettuce-nioEventLoop-4-5] INFO  -[ReconnectionHandler.java:164]- Reconnected to 47.101.198.23:6379
2022-04-12 10:17:55,283 [lettuce-nioEventLoop-4-6] INFO  -[ReconnectionHandler.java:164]- Reconnected to 47.101.198.23:6379
2022-04-12 11:08:07,367 [SpringApplicationShutdownHook] INFO  -[DruidDataSource.java:1825]- {dataSource-1} closed
2022-04-12 11:08:12,816 [main] INFO  -[StartupInfoLogger.java:55]- Starting WeeklyReportApplication using Java 1.8.0_291 on DESKTOP-AF5B2DF with PID 7856 (E:\MyGitHubRepository\WeeklyReport\target\classes started by yhli3 in E:\MyGitHubRepository\WeeklyReport)
2022-04-12 11:08:12,819 [main] DEBUG -[StartupInfoLogger.java:56]- Running with Spring Boot v2.5.3, Spring v5.3.9
2022-04-12 11:08:12,819 [main] INFO  -[SpringApplication.java:659]- No active profile set, falling back to default profiles: default
2022-04-12 11:08:14,317 [main] INFO  -[RepositoryConfigurationDelegate.java:262]- Multiple Spring Data modules found, entering strict repository configuration mode!
2022-04-12 11:08:14,319 [main] INFO  -[RepositoryConfigurationDelegate.java:132]- Bootstrapping Spring Data Redis repositories in DEFAULT mode.
2022-04-12 11:08:14,342 [main] INFO  -[RepositoryConfigurationDelegate.java:201]- Finished Spring Data repository scanning in 10 ms. Found 0 Redis repository interfaces.
2022-04-12 11:08:14,710 [main] INFO  -[PostProcessorRegistrationDelegate.java:376]- Bean 'redisConfig' of type [com.liyuehong.weeklyreport.configuration.RedisConfig$$EnhancerBySpringCGLIB$$47703f6d] is not eligible for getting processed by all BeanPostProcessors (for example: not eligible for auto-proxying)
2022-04-12 11:08:15,064 [main] INFO  -[TomcatWebServer.java:108]- Tomcat initialized with port(s): 8082 (http)
2022-04-12 11:08:15,075 [main] INFO  -[DirectJDKLog.java:173]- Initializing ProtocolHandler ["http-nio-8082"]
2022-04-12 11:08:15,076 [main] INFO  -[DirectJDKLog.java:173]- Starting service [Tomcat]
2022-04-12 11:08:15,076 [main] INFO  -[DirectJDKLog.java:173]- Starting Servlet engine: [Apache Tomcat/9.0.50]
2022-04-12 11:08:15,816 [main] INFO  -[DirectJDKLog.java:173]- Initializing Spring embedded WebApplicationContext
2022-04-12 11:08:15,817 [main] INFO  -[ServletWebServerApplicationContext.java:290]- Root WebApplicationContext: initialization completed in 2956 ms
2022-04-12 11:08:16,441 [main] INFO  -[DruidDataSourceAutoConfigure.java:56]- Init DruidDataSource
2022-04-12 11:08:16,597 [main] INFO  -[DruidDataSource.java:930]- {dataSource-1} inited
2022-04-12 11:08:17,243 [main] INFO  -[EndpointLinksResolver.java:58]- Exposing 1 endpoint(s) beneath base path '/actuator'
2022-04-12 11:08:17,286 [main] INFO  -[RedisConfig.java:113]- 初始化 -> [Redis CacheErrorHandler]
2022-04-12 11:08:17,362 [main] INFO  -[DefaultSecurityFilterChain.java:51]- Will secure Ant [pattern='/js/**'] with []
2022-04-12 11:08:17,362 [main] INFO  -[DefaultSecurityFilterChain.java:51]- Will secure Ant [pattern='/css/**'] with []
2022-04-12 11:08:17,363 [main] INFO  -[DefaultSecurityFilterChain.java:51]- Will secure Ant [pattern='/images/**'] with []
2022-04-12 11:08:17,363 [main] INFO  -[DefaultSecurityFilterChain.java:51]- Will secure Ant [pattern='/swagger-ui.html'] with []
2022-04-12 11:08:17,363 [main] INFO  -[DefaultSecurityFilterChain.java:51]- Will secure Ant [pattern='/webjars/**'] with []
2022-04-12 11:08:17,363 [main] INFO  -[DefaultSecurityFilterChain.java:51]- Will secure Ant [pattern='/v2/**'] with []
2022-04-12 11:08:17,363 [main] INFO  -[DefaultSecurityFilterChain.java:51]- Will secure Ant [pattern='/swagger-resources/**'] with []
2022-04-12 11:08:17,404 [main] INFO  -[PropertySourcedRequestMappingHandlerMapping.java:69]- Mapped URL path [/v2/api-docs] onto method [springfox.documentation.swagger2.web.Swagger2Controller#getDocumentation(String, HttpServletRequest)]
2022-04-12 11:08:17,443 [main] INFO  -[DefaultSecurityFilterChain.java:51]- Will secure any request with [org.springframework.security.web.context.request.async.WebAsyncManagerIntegrationFilter@379f9555, org.springframework.security.web.context.SecurityContextPersistenceFilter@30517a57, org.springframework.security.web.header.HeaderWriterFilter@71f0806b, org.springframework.web.filter.CorsFilter@7e3ee128, org.springframework.security.web.authentication.logout.LogoutFilter@1377b1a0, org.springframework.security.web.authentication.UsernamePasswordAuthenticationFilter@7548e1fb, org.springframework.security.web.savedrequest.RequestCacheAwareFilter@79ad1774, org.springframework.security.web.servletapi.SecurityContextHolderAwareRequestFilter@44864536, org.springframework.security.web.authentication.AnonymousAuthenticationFilter@7d64a960, org.springframework.security.web.session.SessionManagementFilter@5c33008f, org.springframework.security.web.access.ExceptionTranslationFilter@59b447a4, org.springframework.security.web.access.intercept.FilterSecurityInterceptor@1d944fc0]
2022-04-12 11:08:18,854 [main] INFO  -[DirectJDKLog.java:173]- Starting ProtocolHandler ["http-nio-8082"]
2022-04-12 11:08:18,861 [main] INFO  -[TomcatWebServer.java:220]- Tomcat started on port(s): 8082 (http) with context path ''
2022-04-12 11:08:18,862 [main] INFO  -[DocumentationPluginsBootstrapper.java:160]- Context refreshed
2022-04-12 11:08:18,876 [main] INFO  -[DocumentationPluginsBootstrapper.java:163]- Found 1 custom documentation plugin(s)
2022-04-12 11:08:18,900 [main] INFO  -[ApiListingReferenceScanner.java:41]- Scanning for api listing references
2022-04-12 11:08:18,987 [main] WARN  -[ParameterDataTypeReader.java:92]- Trying to infer dataType int[]
2022-04-12 11:08:19,631 [main] INFO  -[ScheduledAnnotationBeanPostProcessor.java:309]- No TaskScheduler/ScheduledExecutorService bean found for scheduled processing
2022-04-12 11:08:19,642 [main] INFO  -[StartupInfoLogger.java:61]- Started WeeklyReportApplication in 7.159 seconds (JVM running for 10.007)
2022-04-12 11:08:20,180 [RMI TCP Connection(2)-192.168.196.22] INFO  -[DirectJDKLog.java:173]- Initializing Spring DispatcherServlet 'dispatcherServlet'
2022-04-12 11:08:20,180 [RMI TCP Connection(2)-192.168.196.22] INFO  -[FrameworkServlet.java:525]- Initializing Servlet 'dispatcherServlet'
2022-04-12 11:08:20,185 [RMI TCP Connection(2)-192.168.196.22] INFO  -[FrameworkServlet.java:547]- Completed initialization in 4 ms
2022-04-12 11:12:19,427 [http-nio-8082-exec-2] DEBUG -[BaseJdbcLogger.java:137]- ==>  Preparing: select id, username, password, enabled, email, regTime, avatar_name from user where username=?
2022-04-12 11:12:19,447 [http-nio-8082-exec-2] DEBUG -[BaseJdbcLogger.java:137]- ==> Parameters: admin(String)
2022-04-12 11:12:19,558 [http-nio-8082-exec-2] TRACE -[BaseJdbcLogger.java:143]- <==    Columns: id, username, password, enabled, email, regTime, avatar_name
2022-04-12 11:12:19,558 [http-nio-8082-exec-2] TRACE -[BaseJdbcLogger.java:143]- <==        Row: 1, admin, $2a$10$qx01CfXY0P0DQhr.lLmjP.xp7XeIFrnE3l8p4chLXJg0KoZTcREkq, 1, null, null, 2022-03-09e4c0daa13dbd4392b95a7b62402deac7.png
2022-04-12 11:12:19,563 [http-nio-8082-exec-2] DEBUG -[BaseJdbcLogger.java:137]- <==      Total: 1
2022-04-12 11:12:19,569 [http-nio-8082-exec-2] DEBUG -[BaseJdbcLogger.java:137]- ==>  Preparing: SELECT r.* FROM role AS r,user_role AS ur WHERE r.id = ur.`role_id` AND ur.`user_id`=?;
2022-04-12 11:12:19,572 [http-nio-8082-exec-2] DEBUG -[BaseJdbcLogger.java:137]- ==> Parameters: 1(Integer)
2022-04-12 11:12:19,629 [http-nio-8082-exec-2] TRACE -[BaseJdbcLogger.java:143]- <==    Columns: id, name, nameZh
2022-04-12 11:12:19,630 [http-nio-8082-exec-2] TRACE -[BaseJdbcLogger.java:143]- <==        Row: 1, admin, 超级管理员
2022-04-12 11:12:19,631 [http-nio-8082-exec-2] TRACE -[BaseJdbcLogger.java:143]- <==        Row: 2, user, 普通用户
2022-04-12 11:12:19,631 [http-nio-8082-exec-2] DEBUG -[BaseJdbcLogger.java:137]- <==      Total: 2
2022-04-12 11:12:20,669 [http-nio-8082-exec-5] DEBUG -[BaseJdbcLogger.java:137]- ==>  Preparing: SELECT u.`id` AS uid,u.username,u.`enabled`,u.`email`,u.`regTime`,u.`avatar_name` AS avatarName,r.`id` AS rid,r.`name` AS englishName,r.`nameZh` AS chineseName FROM `user` AS u, role AS r, user_role AS ur WHERE u.`id`=ur.`user_id` AND r.`id`=ur.`role_id`
2022-04-12 11:12:20,670 [http-nio-8082-exec-5] DEBUG -[BaseJdbcLogger.java:137]- ==> Parameters: 
2022-04-12 11:12:20,755 [http-nio-8082-exec-5] TRACE -[BaseJdbcLogger.java:143]- <==    Columns: uid, username, enabled, email, regTime, avatarName, rid, englishName, chineseName
2022-04-12 11:12:20,756 [http-nio-8082-exec-5] TRACE -[BaseJdbcLogger.java:143]- <==        Row: 1, admin, 1, null, null, 2022-03-09e4c0daa13dbd4392b95a7b62402deac7.png, 1, admin, 超级管理员
2022-04-12 11:12:20,758 [http-nio-8082-exec-5] TRACE -[BaseJdbcLogger.java:143]- <==        Row: 1, admin, 1, null, null, 2022-03-09e4c0daa13dbd4392b95a7b62402deac7.png, 2, user, 普通用户
2022-04-12 11:12:20,759 [http-nio-8082-exec-5] TRACE -[BaseJdbcLogger.java:143]- <==        Row: 9, string, 1, string, 2022-03-06 17:09:30, 2022-03-06ca922e80a760458a9ee35552581c45c9.png, 2, user, 普通用户
2022-04-12 11:12:20,761 [http-nio-8082-exec-5] TRACE -[BaseJdbcLogger.java:143]- <==        Row: 11, hyw11, 1, 1449582589@qq.com, 2022-03-06 17:14:26, 2022-03-06ca922e80a760458a9ee35552581c45c9.png, 2, user, 普通用户
2022-04-12 11:12:20,762 [http-nio-8082-exec-5] TRACE -[BaseJdbcLogger.java:143]- <==        Row: 12, lili, 1, thcyhtyhh, 2022-03-06 17:16:40, 2022-03-06ca922e80a760458a9ee35552581c45c9.png, 2, user, 普通用户
2022-04-12 11:12:20,763 [http-nio-8082-exec-5] TRACE -[BaseJdbcLogger.java:143]- <==        Row: 13, 11, 1, guzheng16399@163.com, 2022-03-06 17:19:01, 2022-03-06ca922e80a760458a9ee35552581c45c9.png, 2, user, 普通用户
2022-04-12 11:12:20,764 [http-nio-8082-exec-5] TRACE -[BaseJdbcLogger.java:143]- <==        Row: 10, hyw, 1, 1449582589@qq.com, 2022-03-06 17:14:05, 2022-03-06ca922e80a760458a9ee35552581c45c9.png, 1, admin, 超级管理员
2022-04-12 11:12:20,765 [http-nio-8082-exec-5] TRACE -[BaseJdbcLogger.java:143]- <==        Row: 14, liyuehong, 1, liyuehong@my.swjtu.edu.cn, 2022-03-15 20:11:58, 2022-03-15fed36e42102642e4a2045717763a02e8.png, 2, user, 普通用户
2022-04-12 11:12:20,766 [http-nio-8082-exec-5] DEBUG -[BaseJdbcLogger.java:137]- <==      Total: 8
2022-04-12 11:12:21,202 [http-nio-8082-exec-2] DEBUG -[ArticleController.java:87]- 2022-04-12
2022-04-12 11:12:21,207 [http-nio-8082-exec-2] DEBUG -[BaseJdbcLogger.java:137]- ==>  Preparing: select article.id, title, editDate, publishDate, uid, state , content ,user.username as author from article,user where DATE_FORMAT(publishDate,'%Y-%m-%d') BETWEEN ? AND ? and user.id=article.uid
2022-04-12 11:12:21,208 [http-nio-8082-exec-2] DEBUG -[BaseJdbcLogger.java:137]- ==> Parameters: 2022-04-11(String), 2022-04-17(String)
2022-04-12 11:12:21,289 [http-nio-8082-exec-2] DEBUG -[BaseJdbcLogger.java:137]- <==      Total: 0
2022-04-12 11:12:33,449 [http-nio-8082-exec-6] DEBUG -[ArticleController.java:87]- 2022-04-12
2022-04-12 11:12:33,450 [http-nio-8082-exec-6] DEBUG -[BaseJdbcLogger.java:137]- ==>  Preparing: select article.id, title, editDate, publishDate, uid, state , content ,user.username as author from article,user where DATE_FORMAT(publishDate,'%Y-%m-%d') BETWEEN ? AND ? and user.id=article.uid
2022-04-12 11:12:33,451 [http-nio-8082-exec-6] DEBUG -[BaseJdbcLogger.java:137]- ==> Parameters: 2022-04-11(String), 2022-04-17(String)
2022-04-12 11:12:33,519 [http-nio-8082-exec-6] DEBUG -[BaseJdbcLogger.java:137]- <==      Total: 0
2022-04-12 11:12:47,630 [http-nio-8082-exec-8] DEBUG -[ArticleController.java:87]- 2022-05-02
2022-04-12 11:12:47,631 [http-nio-8082-exec-8] DEBUG -[BaseJdbcLogger.java:137]- ==>  Preparing: select article.id, title, editDate, publishDate, uid, state , content ,user.username as author from article,user where DATE_FORMAT(publishDate,'%Y-%m-%d') BETWEEN ? AND ? and user.id=article.uid
2022-04-12 11:12:47,634 [http-nio-8082-exec-8] DEBUG -[BaseJdbcLogger.java:137]- ==> Parameters: 2022-05-02(String), 2022-05-08(String)
2022-04-12 11:12:47,714 [http-nio-8082-exec-8] DEBUG -[BaseJdbcLogger.java:137]- <==      Total: 0
2022-04-12 11:12:50,940 [http-nio-8082-exec-10] DEBUG -[ArticleController.java:87]- 2022-03-07
2022-04-12 11:12:50,941 [http-nio-8082-exec-10] DEBUG -[BaseJdbcLogger.java:137]- ==>  Preparing: select article.id, title, editDate, publishDate, uid, state , content ,user.username as author from article,user where DATE_FORMAT(publishDate,'%Y-%m-%d') BETWEEN ? AND ? and user.id=article.uid
2022-04-12 11:12:50,941 [http-nio-8082-exec-10] DEBUG -[BaseJdbcLogger.java:137]- ==> Parameters: 2022-03-07(String), 2022-03-13(String)
2022-04-12 11:12:51,031 [http-nio-8082-exec-10] TRACE -[BaseJdbcLogger.java:143]- <==    Columns: id, title, editDate, publishDate, uid, state, content, author
2022-04-12 11:12:51,033 [http-nio-8082-exec-10] TRACE -[BaseJdbcLogger.java:143]- <==        Row: 7, 222, null, 2022-03-08 19:20:37, 1, null, <<BLOB>>, admin
2022-04-12 11:12:51,038 [http-nio-8082-exec-10] TRACE -[BaseJdbcLogger.java:143]- <==        Row: 8, 45, null, 2022-03-08 19:21:17, 1, null, <<BLOB>>, admin
2022-04-12 11:12:51,041 [http-nio-8082-exec-10] TRACE -[BaseJdbcLogger.java:143]- <==        Row: 9, 99, null, 2022-03-08 19:22:15, 1, null, <<BLOB>>, admin
2022-04-12 11:12:51,043 [http-nio-8082-exec-10] TRACE -[BaseJdbcLogger.java:143]- <==        Row: 10, 10, null, 2022-03-09 22:47:51, 1, null, <<BLOB>>, admin
2022-04-12 11:12:51,046 [http-nio-8082-exec-10] TRACE -[BaseJdbcLogger.java:143]- <==        Row: 11, 李岳洪的周报, null, 2022-03-09 22:53:11, 1, null, <<BLOB>>, admin
2022-04-12 11:12:51,048 [http-nio-8082-exec-10] TRACE -[BaseJdbcLogger.java:143]- <==        Row: 12, 李岳洪的周报, null, 2022-03-10 16:08:52, 1, null, <<BLOB>>, admin
2022-04-12 11:12:51,049 [http-nio-8082-exec-10] TRACE -[BaseJdbcLogger.java:143]- <==        Row: 13, jgjgyjh, null, 2022-03-10 16:33:20, 1, null, <<BLOB>>, admin
2022-04-12 11:12:51,052 [http-nio-8082-exec-10] DEBUG -[BaseJdbcLogger.java:137]- <==      Total: 7
2022-04-12 11:19:54,212 [SpringApplicationShutdownHook] INFO  -[DruidDataSource.java:1825]- {dataSource-1} closed
2022-04-12 11:19:57,496 [main] INFO  -[StartupInfoLogger.java:55]- Starting WeeklyReportApplication using Java 1.8.0_291 on DESKTOP-AF5B2DF with PID 20884 (E:\MyGitHubRepository\WeeklyReport\target\classes started by yhli3 in E:\MyGitHubRepository\WeeklyReport)
2022-04-12 11:19:57,499 [main] DEBUG -[StartupInfoLogger.java:56]- Running with Spring Boot v2.5.3, Spring v5.3.9
2022-04-12 11:19:57,500 [main] INFO  -[SpringApplication.java:659]- No active profile set, falling back to default profiles: default
2022-04-12 11:19:58,664 [main] INFO  -[RepositoryConfigurationDelegate.java:262]- Multiple Spring Data modules found, entering strict repository configuration mode!
2022-04-12 11:19:58,666 [main] INFO  -[RepositoryConfigurationDelegate.java:132]- Bootstrapping Spring Data Redis repositories in DEFAULT mode.
2022-04-12 11:19:58,686 [main] INFO  -[RepositoryConfigurationDelegate.java:201]- Finished Spring Data repository scanning in 9 ms. Found 0 Redis repository interfaces.
2022-04-12 11:19:58,964 [main] INFO  -[PostProcessorRegistrationDelegate.java:376]- Bean 'redisConfig' of type [com.liyuehong.weeklyreport.configuration.RedisConfig$$EnhancerBySpringCGLIB$$ae6c11ee] is not eligible for getting processed by all BeanPostProcessors (for example: not eligible for auto-proxying)
2022-04-12 11:19:59,253 [main] INFO  -[TomcatWebServer.java:108]- Tomcat initialized with port(s): 8082 (http)
2022-04-12 11:19:59,260 [main] INFO  -[DirectJDKLog.java:173]- Initializing ProtocolHandler ["http-nio-8082"]
2022-04-12 11:19:59,261 [main] INFO  -[DirectJDKLog.java:173]- Starting service [Tomcat]
2022-04-12 11:19:59,261 [main] INFO  -[DirectJDKLog.java:173]- Starting Servlet engine: [Apache Tomcat/9.0.50]
2022-04-12 11:19:59,327 [main] INFO  -[DirectJDKLog.java:173]- Initializing Spring embedded WebApplicationContext
2022-04-12 11:19:59,327 [main] INFO  -[ServletWebServerApplicationContext.java:290]- Root WebApplicationContext: initialization completed in 1768 ms
2022-04-12 11:19:59,831 [main] INFO  -[DruidDataSourceAutoConfigure.java:56]- Init DruidDataSource
2022-04-12 11:19:59,939 [main] INFO  -[DruidDataSource.java:930]- {dataSource-1} inited
2022-04-12 11:20:00,455 [main] INFO  -[EndpointLinksResolver.java:58]- Exposing 1 endpoint(s) beneath base path '/actuator'
2022-04-12 11:20:00,497 [main] INFO  -[RedisConfig.java:113]- 初始化 -> [Redis CacheErrorHandler]
2022-04-12 11:20:00,570 [main] INFO  -[DefaultSecurityFilterChain.java:51]- Will secure Ant [pattern='/js/**'] with []
2022-04-12 11:20:00,571 [main] INFO  -[DefaultSecurityFilterChain.java:51]- Will secure Ant [pattern='/css/**'] with []
2022-04-12 11:20:00,571 [main] INFO  -[DefaultSecurityFilterChain.java:51]- Will secure Ant [pattern='/images/**'] with []
2022-04-12 11:20:00,571 [main] INFO  -[DefaultSecurityFilterChain.java:51]- Will secure Ant [pattern='/swagger-ui.html'] with []
2022-04-12 11:20:00,571 [main] INFO  -[DefaultSecurityFilterChain.java:51]- Will secure Ant [pattern='/webjars/**'] with []
2022-04-12 11:20:00,571 [main] INFO  -[DefaultSecurityFilterChain.java:51]- Will secure Ant [pattern='/v2/**'] with []
2022-04-12 11:20:00,571 [main] INFO  -[DefaultSecurityFilterChain.java:51]- Will secure Ant [pattern='/swagger-resources/**'] with []
2022-04-12 11:20:00,612 [main] INFO  -[PropertySourcedRequestMappingHandlerMapping.java:69]- Mapped URL path [/v2/api-docs] onto method [springfox.documentation.swagger2.web.Swagger2Controller#getDocumentation(String, HttpServletRequest)]
2022-04-12 11:20:00,648 [main] INFO  -[DefaultSecurityFilterChain.java:51]- Will secure any request with [org.springframework.security.web.context.request.async.WebAsyncManagerIntegrationFilter@6003220a, org.springframework.security.web.context.SecurityContextPersistenceFilter@455f4483, org.springframework.security.web.header.HeaderWriterFilter@1a536164, org.springframework.web.filter.CorsFilter@16b64a03, org.springframework.security.web.authentication.logout.LogoutFilter@79f1e22e, org.springframework.security.web.authentication.UsernamePasswordAuthenticationFilter@699e0bf0, org.springframework.security.web.savedrequest.RequestCacheAwareFilter@7996d0d4, org.springframework.security.web.servletapi.SecurityContextHolderAwareRequestFilter@15d65fcf, org.springframework.security.web.authentication.AnonymousAuthenticationFilter@1584c019, org.springframework.security.web.session.SessionManagementFilter@368424db, org.springframework.security.web.access.ExceptionTranslationFilter@3df77dfa, org.springframework.security.web.access.intercept.FilterSecurityInterceptor@6f0c45f4]
2022-04-12 11:20:01,856 [main] INFO  -[DirectJDKLog.java:173]- Starting ProtocolHandler ["http-nio-8082"]
2022-04-12 11:20:01,879 [main] INFO  -[TomcatWebServer.java:220]- Tomcat started on port(s): 8082 (http) with context path ''
2022-04-12 11:20:01,880 [main] INFO  -[DocumentationPluginsBootstrapper.java:160]- Context refreshed
2022-04-12 11:20:01,894 [main] INFO  -[DocumentationPluginsBootstrapper.java:163]- Found 1 custom documentation plugin(s)
2022-04-12 11:20:01,918 [main] INFO  -[ApiListingReferenceScanner.java:41]- Scanning for api listing references
2022-04-12 11:20:02,020 [main] WARN  -[ParameterDataTypeReader.java:92]- Trying to infer dataType int[]
2022-04-12 11:20:02,672 [main] INFO  -[ScheduledAnnotationBeanPostProcessor.java:309]- No TaskScheduler/ScheduledExecutorService bean found for scheduled processing
2022-04-12 11:20:02,681 [main] INFO  -[StartupInfoLogger.java:61]- Started WeeklyReportApplication in 5.581 seconds (JVM running for 6.382)
2022-04-12 11:20:03,109 [RMI TCP Connection(2)-192.168.196.22] INFO  -[DirectJDKLog.java:173]- Initializing Spring DispatcherServlet 'dispatcherServlet'
2022-04-12 11:20:03,110 [RMI TCP Connection(2)-192.168.196.22] INFO  -[FrameworkServlet.java:525]- Initializing Servlet 'dispatcherServlet'
2022-04-12 11:20:03,112 [RMI TCP Connection(2)-192.168.196.22] INFO  -[FrameworkServlet.java:547]- Completed initialization in 2 ms
